Copyright 1986-2018 Xilinx, Inc. All Rights Reserved.
--------------------------------------------------------------------------------------
| Tool Version : Vivado v.2018.2 (win64) Build 2258646 Thu Jun 14 20:03:12 MDT 2018
| Date         : Sat Aug  1 15:33:36 2020
| Host         : DESKTOP-INU8CPO running 64-bit major release  (build 9200)
| Command      : report_clock_utilization -file ADC_Demo_clock_utilization_routed.rpt
| Design       : ADC_Demo
| Device       : 7s15-ftgb196
| Speed File   : -1  PRODUCTION 1.22 2018-03-21
--------------------------------------------------------------------------------------

Clock Utilization Report

Table of Contents
-----------------
1. Clock Primitive Utilization
2. Global Clock Resources
3. Global Clock Source Details
4. Local Clock Details
5. Clock Regions: Key Resource Utilization
6. Clock Regions : Global Clock Summary
7. Device Cell Placement Summary for Global Clock g0
8. Device Cell Placement Summary for Global Clock g1
9. Device Cell Placement Summary for Global Clock g2
10. Device Cell Placement Summary for Global Clock g3
11. Device Cell Placement Summary for Global Clock g4
12. Device Cell Placement Summary for Global Clock g5
13. Clock Region Cell Placement per Global Clock: Region X0Y0
14. Clock Region Cell Placement per Global Clock: Region X1Y0

1. Clock Primitive Utilization
------------------------------

+----------+------+-----------+-----+--------------+--------+
| Type     | Used | Available | LOC | Clock Region | Pblock |
+----------+------+-----------+-----+--------------+--------+
| BUFGCTRL |    6 |        16 |   0 |            0 |      0 |
| BUFH     |    0 |        24 |   0 |            0 |      0 |
| BUFIO    |    0 |         8 |   0 |            0 |      0 |
| BUFMR    |    0 |         4 |   0 |            0 |      0 |
| BUFR     |    0 |         8 |   0 |            0 |      0 |
| MMCM     |    1 |         2 |   0 |            0 |      0 |
| PLL      |    1 |         2 |   0 |            0 |      0 |
+----------+------+-----------+-----+--------------+--------+


2. Global Clock Resources
-------------------------

+-----------+-----------+-----------------+------------+---------------+--------------+-------------------+-------------+-----------------+--------------+----------+-------------------------------------------------------------+------------------------------------------------------+
| Global Id | Source Id | Driver Type/Pin | Constraint | Site          | Clock Region | Load Clock Region | Clock Loads | Non-Clock Loads | Clock Period | Clock    | Driver Pin                                                  | Net                                                  |
+-----------+-----------+-----------------+------------+---------------+--------------+-------------------+-------------+-----------------+--------------+----------+-------------------------------------------------------------+------------------------------------------------------+
| g0        | src0      | BUFG/O          | None       | BUFGCTRL_X0Y2 | n/a          |                 2 |         184 |               0 |        6.734 | Multiple | clk_10/inst/clkout1_buf/O                                   | clk_10/inst/clk_out1                                 |
| g1        | src1      | BUFG/O          | None       | BUFGCTRL_X0Y3 | n/a          |                 2 |          69 |               0 |              |          | Measure_Num_Cnt_reg[19]_i_3/O                               | Signal_Pulse                                         |
| g2        | src0      | BUFG/O          | None       | BUFGCTRL_X0Y4 | n/a          |                 2 |          66 |               0 |       10.022 | Multiple | clk_10/inst/clkout2_buf/O                                   | clk_10/inst/clk_out2                                 |
| g3        | src2      | BUFG/O          | None       | BUFGCTRL_X0Y0 | n/a          |                 1 |           8 |               0 |        6.734 | Multiple | rgb2dvi/U0/ClockGenInternal.ClockGenX/PixelClk_BUFG_inst/O  | rgb2dvi/U0/ClockGenInternal.ClockGenX/PixelClk_BUFG  |
| g4        | src2      | BUFG/O          | None       | BUFGCTRL_X0Y1 | n/a          |                 1 |           8 |               0 |        1.347 | Multiple | rgb2dvi/U0/ClockGenInternal.ClockGenX/SerialClk_BUFG_inst/O | rgb2dvi/U0/ClockGenInternal.ClockGenX/SerialClk_BUFG |
| g5        | src0      | BUFG/O          | None       | BUFGCTRL_X0Y5 | n/a          |                 1 |           1 |               0 |       70.000 | Multiple | clk_10/inst/clkf_buf/O                                      | clk_10/inst/clkfbout_buf_clk_wiz_0                   |
+-----------+-----------+-----------------+------------+---------------+--------------+-------------------+-------------+-----------------+--------------+----------+-------------------------------------------------------------+------------------------------------------------------+
* Clock Loads column represents the clock pin loads (pin count)
** Non-Clock Loads column represents the non-clock pin loads (pin count)


3. Global Clock Source Details
------------------------------

+-----------+-----------+---------------------+------------+-----------------+--------------+-------------+-----------------+---------------------+--------------+-----------------------------------------------------------------------+-------------------------------------------------+
| Source Id | Global Id | Driver Type/Pin     | Constraint | Site            | Clock Region | Clock Loads | Non-Clock Loads | Source Clock Period | Source Clock | Driver Pin                                                            | Net                                             |
+-----------+-----------+---------------------+------------+-----------------+--------------+-------------+-----------------+---------------------+--------------+-----------------------------------------------------------------------+-------------------------------------------------+
| src0      | g0        | MMCME2_ADV/CLKOUT0  | None       | MMCME2_ADV_X1Y0 | X1Y0         |           1 |               0 |               6.734 | Multiple     | clk_10/inst/mmcm_adv_inst/CLKOUT0                                     | clk_10/inst/clk_out1_clk_wiz_0                  |
| src0      | g2        | MMCME2_ADV/CLKOUT1  | None       | MMCME2_ADV_X1Y0 | X1Y0         |           1 |               0 |              10.022 | Multiple     | clk_10/inst/mmcm_adv_inst/CLKOUT1                                     | clk_10/inst/clk_out2_clk_wiz_0                  |
| src0      | g5        | MMCME2_ADV/CLKFBOUT | None       | MMCME2_ADV_X1Y0 | X1Y0         |           1 |               0 |              70.000 | Multiple     | clk_10/inst/mmcm_adv_inst/CLKFBOUT                                    | clk_10/inst/clkfbout_clk_wiz_0                  |
| src1      | g1        | CARRY4/CO[3]        | None       | SLICE_X32Y45    | X1Y0         |           1 |               0 |                     |              | Driver_ADC0/Freq_Cal0/Measure_Num_Cnt_reg[19]_i_5/CO[3]               | Driver_ADC0/Freq_Cal0/Signal_Pulse[0]           |
| src2      | g3        | PLLE2_ADV/CLKOUT1   | None       | PLLE2_ADV_X0Y0  | X0Y0         |           1 |               0 |               6.734 | Multiple     | rgb2dvi/U0/ClockGenInternal.ClockGenX/GenPLL.DVI_ClkGenerator/CLKOUT1 | rgb2dvi/U0/ClockGenInternal.ClockGenX/PixelClk  |
| src2      | g4        | PLLE2_ADV/CLKOUT0   | None       | PLLE2_ADV_X0Y0  | X0Y0         |           1 |               0 |               1.347 | Multiple     | rgb2dvi/U0/ClockGenInternal.ClockGenX/GenPLL.DVI_ClkGenerator/CLKOUT0 | rgb2dvi/U0/ClockGenInternal.ClockGenX/SerialClk |
+-----------+-----------+---------------------+------------+-----------------+--------------+-------------+-----------------+---------------------+--------------+-----------------------------------------------------------------------+-------------------------------------------------+
* Clock Loads column represents the clock pin loads (pin count)
** Non-Clock Loads column represents the non-clock pin loads (pin count)


4. Local Clock Details
----------------------

+----------+-----------------+------------+------------------+--------------+-------------+-----------------+--------------+-------+----------------------------------------+-----------------------------------------------+
| Local Id | Driver Type/Pin | Constraint | Site/BEL         | Clock Region | Clock Loads | Non-Clock Loads | Clock Period | Clock | Driver Pin                             | Net                                           |
+----------+-----------------+------------+------------------+--------------+-------------+-----------------+--------------+-------+----------------------------------------+-----------------------------------------------||
| 0        | FDRE/Q          | None       | SLICE_X36Y36/AFF | X1Y0         |          26 |               2 |              |       | Driver_ADC0/Clk_Division_ADC/Clk_reg/Q | Driver_ADC0/Clk_Division_ADC/Addr_Cnt_reg[15] - Static -
+----------+-----------------+------------+------------------+--------------+-------------+-----------------+--------------+-------+----------------------------------------+-----------------------------------------------||
* Local Clocks in this context represents only clocks driven by non-global buffers
** Clock Loads column represents the clock pin loads (pin count)
*** Non-Clock Loads column represents the non-clock pin loads (pin count)


5. Clock Regions: Key Resource Utilization
------------------------------------------

+-------------------+--------------+--------------+--------------+--------------+--------------+--------------+--------------+--------------+--------------+--------------+--------------+--------------+--------------+--------------+--------------+
|                   | Global Clock |     BUFRs    |    BUFMRs    |    BUFIOs    |     MMCM     |      PLL     |      GT      |      PCI     |    ILOGIC    |    OLOGIC    |      FF      |     LUTM     |    RAMB18    |    RAMB36    |    DSP48E2   |
+-------------------+------+-------+------+-------+------+-------+------+-------+------+-------+------+-------+------+-------+------+-------+------+-------+------+-------+------+-------+------+-------+------+-------+------+-------+------+-------+
| Clock Region Name | Used | Avail | Used | Avail | Used | Avail | Used | Avail | Used | Avail | Used | Avail | Used | Avail | Used | Avail | Used | Avail | Used | Avail | Used | Avail | Used | Avail | Used | Avail | Used | Avail | Used | Avail |
+-------------------+------+-------+------+-------+------+-------+------+-------+------+-------+------+-------+------+-------+------+-------+------+-------+------+-------+------+-------+------+-------+------+-------+------+-------+------+-------+
| X0Y0              |    3 |    12 |    0 |     4 |    0 |     2 |    0 |     4 |    0 |     1 |    1 |     1 |    0 |     0 |    0 |     0 |    0 |    50 |    0 |    50 |   94 |   900 |   21 |   200 |    0 |     0 |    0 |     0 |    0 |     0 |
| X1Y0              |    6 |    12 |    0 |     4 |    0 |     2 |    0 |     4 |    1 |     1 |    0 |     1 |    0 |     0 |    0 |     0 |    0 |    50 |    8 |    50 |  230 |  1100 |  105 |   400 |    0 |    20 |    9 |    10 |    0 |    20 |
+-------------------+------+-------+------+-------+------+-------+------+-------+------+-------+------+-------+------+-------+------+-------+------+-------+------+-------+------+-------+------+-------+------+-------+------+-------+------+-------+
* Global Clock column represents track count; while other columns represents cell counts


6. Clock Regions : Global Clock Summary
---------------------------------------

All Modules
+----+----+----+
|    | X0 | X1 |
+----+----+----+
| Y0 |  3 |  6 |
+----+----+----+


7. Device Cell Placement Summary for Global Clock g0
----------------------------------------------------

+-----------+-----------------+-------------------+----------+-------------+---------------+-------------+----------+----------------+----------+----------------------+
| Global Id | Driver Type/Pin | Driver Region (D) | Clock    | Period (ns) | Waveform (ns) | Slice Loads | IO Loads | Clocking Loads | GT Loads | Net                  |
+-----------+-----------------+-------------------+----------+-------------+---------------+-------------+----------+----------------+----------+----------------------+
| g0        | BUFG/O          | n/a               | Multiple |       6.734 | {0.000 3.367} |         183 |        0 |              1 |        0 | clk_10/inst/clk_out1 |
+-----------+-----------------+-------------------+----------+-------------+---------------+-------------+----------+----------------+----------+----------------------+
* Logic Loads column represents load cell count of all cell types other than IO, GT and clock resources
** IO Loads column represents load cell count of IO types
*** Clocking Loads column represents load cell count that are clock resources (global clock buffer, MMCM, PLL, etc)
**** GT Loads column represents load cell count of GT types


+----+----+------+
|    | X0 | X1   |
+----+----+------+
| Y0 |  9 |  175 |
+----+----+------+


8. Device Cell Placement Summary for Global Clock g1
----------------------------------------------------

+-----------+-----------------+-------------------+-------+-------------+---------------+-------------+----------+----------------+----------+--------------+
| Global Id | Driver Type/Pin | Driver Region (D) | Clock | Period (ns) | Waveform (ns) | Slice Loads | IO Loads | Clocking Loads | GT Loads | Net          |
+-----------+-----------------+-------------------+-------+-------------+---------------+-------------+----------+----------------+----------+--------------+
| g1        | BUFG/O          | n/a               |       |             |               |          69 |        0 |              0 |        0 | Signal_Pulse |
+-----------+-----------------+-------------------+-------+-------------+---------------+-------------+----------+----------------+----------+--------------+
* Logic Loads column represents load cell count of all cell types other than IO, GT and clock resources
** IO Loads column represents load cell count of IO types
*** Clocking Loads column represents load cell count that are clock resources (global clock buffer, MMCM, PLL, etc)
**** GT Loads column represents load cell count of GT types


+----+-----+-----+
|    | X0  | X1  |
+----+-----+-----+
| Y0 |  53 |  16 |
+----+-----+-----+


9. Device Cell Placement Summary for Global Clock g2
----------------------------------------------------

+-----------+-----------------+-------------------+----------+-------------+---------------+-------------+----------+----------------+----------+----------------------+
| Global Id | Driver Type/Pin | Driver Region (D) | Clock    | Period (ns) | Waveform (ns) | Slice Loads | IO Loads | Clocking Loads | GT Loads | Net                  |
+-----------+-----------------+-------------------+----------+-------------+---------------+-------------+----------+----------------+----------+----------------------+
| g2        | BUFG/O          | n/a               | Multiple |      10.022 | {0.000 5.011} |          66 |        0 |              0 |        0 | clk_10/inst/clk_out2 |
+-----------+-----------------+-------------------+----------+-------------+---------------+-------------+----------+----------------+----------+----------------------+
* Logic Loads column represents load cell count of all cell types other than IO, GT and clock resources
** IO Loads column represents load cell count of IO types
*** Clocking Loads column represents load cell count that are clock resources (global clock buffer, MMCM, PLL, etc)
**** GT Loads column represents load cell count of GT types


+----+-----+-----+
|    | X0  | X1  |
+----+-----+-----+
| Y0 |  33 |  33 |
+----+-----+-----+


10. Device Cell Placement Summary for Global Clock g3
-----------------------------------------------------

+-----------+-----------------+-------------------+----------+-------------+---------------+-------------+----------+----------------+----------+-----------------------------------------------------+
| Global Id | Driver Type/Pin | Driver Region (D) | Clock    | Period (ns) | Waveform (ns) | Slice Loads | IO Loads | Clocking Loads | GT Loads | Net                                                 |
+-----------+-----------------+-------------------+----------+-------------+---------------+-------------+----------+----------------+----------+-----------------------------------------------------+
| g3        | BUFG/O          | n/a               | Multiple |       6.734 | {0.000 3.367} |           0 |        8 |              0 |        0 | rgb2dvi/U0/ClockGenInternal.ClockGenX/PixelClk_BUFG |
+-----------+-----------------+-------------------+----------+-------------+---------------+-------------+----------+----------------+----------+-----------------------------------------------------+
* Logic Loads column represents load cell count of all cell types other than IO, GT and clock resources
** IO Loads column represents load cell count of IO types
*** Clocking Loads column represents load cell count that are clock resources (global clock buffer, MMCM, PLL, etc)
**** GT Loads column represents load cell count of GT types


+----+----+----+
|    | X0 | X1 |
+----+----+----+
| Y0 |  0 |  8 |
+----+----+----+


11. Device Cell Placement Summary for Global Clock g4
-----------------------------------------------------

+-----------+-----------------+-------------------+----------+-------------+---------------+-------------+----------+----------------+----------+------------------------------------------------------+
| Global Id | Driver Type/Pin | Driver Region (D) | Clock    | Period (ns) | Waveform (ns) | Slice Loads | IO Loads | Clocking Loads | GT Loads | Net                                                  |
+-----------+-----------------+-------------------+----------+-------------+---------------+-------------+----------+----------------+----------+------------------------------------------------------+
| g4        | BUFG/O          | n/a               | Multiple |       1.347 | {0.000 0.673} |           0 |        8 |              0 |        0 | rgb2dvi/U0/ClockGenInternal.ClockGenX/SerialClk_BUFG |
+-----------+-----------------+-------------------+----------+-------------+---------------+-------------+----------+----------------+----------+------------------------------------------------------+
* Logic Loads column represents load cell count of all cell types other than IO, GT and clock resources
** IO Loads column represents load cell count of IO types
*** Clocking Loads column represents load cell count that are clock resources (global clock buffer, MMCM, PLL, etc)
**** GT Loads column represents load cell count of GT types


+----+----+----+
|    | X0 | X1 |
+----+----+----+
| Y0 |  0 |  8 |
+----+----+----+


12. Device Cell Placement Summary for Global Clock g5
-----------------------------------------------------

+-----------+-----------------+-------------------+----------+-------------+----------------+-------------+----------+----------------+----------+------------------------------------+
| Global Id | Driver Type/Pin | Driver Region (D) | Clock    | Period (ns) | Waveform (ns)  | Slice Loads | IO Loads | Clocking Loads | GT Loads | Net                                |
+-----------+-----------------+-------------------+----------+-------------+----------------+-------------+----------+----------------+----------+------------------------------------+
| g5        | BUFG/O          | n/a               | Multiple |      70.000 | {0.000 35.000} |           0 |        0 |              1 |        0 | clk_10/inst/clkfbout_buf_clk_wiz_0 |
+-----------+-----------------+-------------------+----------+-------------+----------------+-------------+----------+----------------+----------+------------------------------------+
* Logic Loads column represents load cell count of all cell types other than IO, GT and clock resources
** IO Loads column represents load cell count of IO types
*** Clocking Loads column represents load cell count that are clock resources (global clock buffer, MMCM, PLL, etc)
**** GT Loads column represents load cell count of GT types


+----+----+----+
|    | X0 | X1 |
+----+----+----+
| Y0 |  0 |  1 |
+----+----+----+


13. Clock Region Cell Placement per Global Clock: Region X0Y0
-------------------------------------------------------------

+-----------+-------+-----------------+------------+-------------+-----------------+----+--------+------+-----+----+------+-----+---------+----------------------+
| Global Id | Track | Driver Type/Pin | Constraint | Clock Loads | Non-Clock Loads | FF | LUTRAM | RAMB | DSP | GT | MMCM | PLL | Hard IP | Net                  |
+-----------+-------+-----------------+------------+-------------+-----------------+----+--------+------+-----+----+------+-----+---------+----------------------+
| g0        | n/a   | BUFG/O          | None       |           9 |               0 |  8 |      0 |    0 |   0 |  0 |    0 |   1 |       0 | clk_10/inst/clk_out1 |
| g1        | n/a   | BUFG/O          | None       |          53 |               0 | 53 |      0 |    0 |   0 |  0 |    0 |   0 |       0 | Signal_Pulse         |
| g2        | n/a   | BUFG/O          | None       |          33 |               0 | 33 |      0 |    0 |   0 |  0 |    0 |   0 |       0 | clk_10/inst/clk_out2 |
+-----------+-------+-----------------+------------+-------------+-----------------+----+--------+------+-----+----+------+-----+---------+----------------------+
* Clock Loads column represents the clock pin loads (pin count)
** Non-Clock Loads column represents the non-clock pin loads (pin count)
*** Columns FF, LUTRAM, RAMB through 'Hard IP' represents load cell counts


14. Clock Region Cell Placement per Global Clock: Region X1Y0
-------------------------------------------------------------

+-----------+-------+-----------------+------------+-------------+-----------------+-----+--------+------+-----+----+------+-----+---------+------------------------------------------------------+
| Global Id | Track | Driver Type/Pin | Constraint | Clock Loads | Non-Clock Loads | FF  | LUTRAM | RAMB | DSP | GT | MMCM | PLL | Hard IP | Net                                                  |
+-----------+-------+-----------------+------------+-------------+-----------------+-----+--------+------+-----+----+------+-----+---------+------------------------------------------------------+
| g0        | n/a   | BUFG/O          | None       |         175 |               0 | 165 |      0 |    9 |   0 |  0 |    0 |   0 |       0 | clk_10/inst/clk_out1                                 |
| g1        | n/a   | BUFG/O          | None       |          16 |               0 |  16 |      0 |    0 |   0 |  0 |    0 |   0 |       0 | Signal_Pulse                                         |
| g2        | n/a   | BUFG/O          | None       |          33 |               0 |  33 |      0 |    0 |   0 |  0 |    0 |   0 |       0 | clk_10/inst/clk_out2                                 |
| g3        | n/a   | BUFG/O          | None       |           8 |               0 |   0 |      0 |    0 |   0 |  0 |    0 |   0 |       0 | rgb2dvi/U0/ClockGenInternal.ClockGenX/PixelClk_BUFG  |
| g4        | n/a   | BUFG/O          | None       |           8 |               0 |   0 |      0 |    0 |   0 |  0 |    0 |   0 |       0 | rgb2dvi/U0/ClockGenInternal.ClockGenX/SerialClk_BUFG |
| g5        | n/a   | BUFG/O          | None       |           1 |               0 |   0 |      0 |    0 |   0 |  0 |    1 |   0 |       0 | clk_10/inst/clkfbout_buf_clk_wiz_0                   |
+-----------+-------+-----------------+------------+-------------+-----------------+-----+--------+------+-----+----+------+-----+---------+------------------------------------------------------+
* Clock Loads column represents the clock pin loads (pin count)
** Non-Clock Loads column represents the non-clock pin loads (pin count)
*** Columns FF, LUTRAM, RAMB through 'Hard IP' represents load cell counts



# Location of BUFG Primitives 
set_property LOC BUFGCTRL_X0Y1 [get_cells rgb2dvi/U0/ClockGenInternal.ClockGenX/SerialClk_BUFG_inst]
set_property LOC BUFGCTRL_X0Y0 [get_cells rgb2dvi/U0/ClockGenInternal.ClockGenX/PixelClk_BUFG_inst]
set_property LOC BUFGCTRL_X0Y5 [get_cells clk_10/inst/clkf_buf]
set_property LOC BUFGCTRL_X0Y4 [get_cells clk_10/inst/clkout2_buf]
set_property LOC BUFGCTRL_X0Y2 [get_cells clk_10/inst/clkout1_buf]
set_property LOC BUFGCTRL_X0Y3 [get_cells Measure_Num_Cnt_reg[19]_i_3]

# Location of IO Primitives which is load of clock spine

# Location of clock ports
set_property LOC IOB_X1Y24 [get_ports clk_100MHz]

# Clock net "rgb2dvi/U0/ClockGenInternal.ClockGenX/SerialClk_BUFG" driven by instance "rgb2dvi/U0/ClockGenInternal.ClockGenX/SerialClk_BUFG_inst" located at site "BUFGCTRL_X0Y1"
#startgroup
create_pblock {CLKAG_rgb2dvi/U0/ClockGenInternal.ClockGenX/SerialClk_BUFG}
add_cells_to_pblock [get_pblocks  {CLKAG_rgb2dvi/U0/ClockGenInternal.ClockGenX/SerialClk_BUFG}] [get_cells -filter { PRIMITIVE_GROUP != I/O && IS_PRIMITIVE==1 && PRIMITIVE_LEVEL !=INTERNAL } -of_object [get_pins -filter {DIRECTION==IN} -of_objects [get_nets -hierarchical -filter {PARENT=="rgb2dvi/U0/ClockGenInternal.ClockGenX/SerialClk_BUFG"}]]]
resize_pblock [get_pblocks {CLKAG_rgb2dvi/U0/ClockGenInternal.ClockGenX/SerialClk_BUFG}] -add {CLOCKREGION_X1Y0:CLOCKREGION_X1Y0}
#endgroup

# Clock net "rgb2dvi/U0/ClockGenInternal.ClockGenX/PixelClk_BUFG" driven by instance "rgb2dvi/U0/ClockGenInternal.ClockGenX/PixelClk_BUFG_inst" located at site "BUFGCTRL_X0Y0"
#startgroup
create_pblock {CLKAG_rgb2dvi/U0/ClockGenInternal.ClockGenX/PixelClk_BUFG}
add_cells_to_pblock [get_pblocks  {CLKAG_rgb2dvi/U0/ClockGenInternal.ClockGenX/PixelClk_BUFG}] [get_cells -filter { PRIMITIVE_GROUP != I/O && IS_PRIMITIVE==1 && PRIMITIVE_LEVEL !=INTERNAL } -of_object [get_pins -filter {DIRECTION==IN} -of_objects [get_nets -hierarchical -filter {PARENT=="rgb2dvi/U0/ClockGenInternal.ClockGenX/PixelClk_BUFG"}]]]
resize_pblock [get_pblocks {CLKAG_rgb2dvi/U0/ClockGenInternal.ClockGenX/PixelClk_BUFG}] -add {CLOCKREGION_X1Y0:CLOCKREGION_X1Y0}
#endgroup

# Clock net "clk_10/inst/clk_out2" driven by instance "clk_10/inst/clkout2_buf" located at site "BUFGCTRL_X0Y4"
#startgroup
create_pblock {CLKAG_clk_10/inst/clk_out2}
add_cells_to_pblock [get_pblocks  {CLKAG_clk_10/inst/clk_out2}] [get_cells -filter { PRIMITIVE_GROUP != I/O && IS_PRIMITIVE==1 && PRIMITIVE_LEVEL !=INTERNAL } -of_object [get_pins -filter {DIRECTION==IN} -of_objects [get_nets -hierarchical -filter {PARENT=="clk_10/inst/clk_out2"}]]]
resize_pblock [get_pblocks {CLKAG_clk_10/inst/clk_out2}] -add {CLOCKREGION_X0Y0:CLOCKREGION_X0Y0 CLOCKREGION_X1Y0:CLOCKREGION_X1Y0}
#endgroup

# Clock net "clk_10/inst/clk_out1" driven by instance "clk_10/inst/clkout1_buf" located at site "BUFGCTRL_X0Y2"
#startgroup
create_pblock {CLKAG_clk_10/inst/clk_out1}
add_cells_to_pblock [get_pblocks  {CLKAG_clk_10/inst/clk_out1}] [get_cells -filter { PRIMITIVE_GROUP != I/O && IS_PRIMITIVE==1 && PRIMITIVE_LEVEL !=INTERNAL && NAME!=rgb2dvi/U0/ClockGenInternal.ClockGenX/GenPLL.DVI_ClkGenerator} -of_object [get_pins -filter {DIRECTION==IN} -of_objects [get_nets -hierarchical -filter {PARENT=="clk_10/inst/clk_out1"}]]]
resize_pblock [get_pblocks {CLKAG_clk_10/inst/clk_out1}] -add {CLOCKREGION_X0Y0:CLOCKREGION_X0Y0 CLOCKREGION_X1Y0:CLOCKREGION_X1Y0}
#endgroup

# Clock net "Signal_Pulse" driven by instance "Measure_Num_Cnt_reg[19]_i_3" located at site "BUFGCTRL_X0Y3"
#startgroup
create_pblock {CLKAG_Signal_Pulse}
add_cells_to_pblock [get_pblocks  {CLKAG_Signal_Pulse}] [get_cells -filter { PRIMITIVE_GROUP != I/O && IS_PRIMITIVE==1 && PRIMITIVE_LEVEL !=INTERNAL } -of_object [get_pins -filter {DIRECTION==IN} -of_objects [get_nets -hierarchical -filter {PARENT=="Signal_Pulse"}]]]
resize_pblock [get_pblocks {CLKAG_Signal_Pulse}] -add {CLOCKREGION_X0Y0:CLOCKREGION_X0Y0 CLOCKREGION_X1Y0:CLOCKREGION_X1Y0}
#endgroup
